총 48개 trace replay 시작

[시작 전 prefix cache hits]
  hits: 0.0


====== astropy__astropy-12907_run0 (21턴) ======
  Turn 1: TTFT = 131.9 ms
  Turn 2: TTFT = 66.3 ms
  Turn 3: TTFT = 17.2 ms
  Turn 4: TTFT = 17.1 ms
  Turn 5: TTFT = 18.2 ms
  Turn 6: TTFT = 26.3 ms
  Turn 7: TTFT = 23.2 ms
  Turn 8: TTFT = 21.4 ms
  Turn 9: TTFT = 21.5 ms
  Turn 10: TTFT = 21.1 ms
  Turn 11: TTFT = 22.6 ms
  Turn 12: TTFT = 23.5 ms
  Turn 13: TTFT = 22.5 ms
  Turn 14: TTFT = 23.7 ms
  Turn 15: TTFT = 24.4 ms
  Turn 16: TTFT = 26.2 ms
  Turn 17: TTFT = 25.6 ms
  Turn 18: TTFT = 26.5 ms
  Turn 19: TTFT = 29.0 ms
  Turn 20: TTFT = 30.2 ms
  Turn 21: TTFT = 27.0 ms
  세션 평균 TTFT: 30.7 ms

====== astropy__astropy-12907_run1 (30턴) ======
  Turn 1: TTFT = 30.5 ms
  Turn 2: TTFT = 65.0 ms
  Turn 3: TTFT = 12.9 ms
  Turn 4: TTFT = 16.0 ms
  Turn 5: TTFT = 17.2 ms
  Turn 6: TTFT = 16.9 ms
  Turn 7: TTFT = 19.1 ms
  Turn 8: TTFT = 21.0 ms
  Turn 9: TTFT = 20.1 ms
  Turn 10: TTFT = 21.1 ms
  Turn 11: TTFT = 22.9 ms
  Turn 12: TTFT = 21.3 ms
  Turn 13: TTFT = 23.3 ms
  Turn 14: TTFT = 25.0 ms
  Turn 15: TTFT = 24.0 ms
  Turn 16: TTFT = 22.5 ms
  Turn 17: TTFT = 24.7 ms
  Turn 18: TTFT = 24.3 ms
  Turn 19: TTFT = 26.4 ms
  Turn 20: TTFT = 26.2 ms
  Turn 21: TTFT = 27.5 ms
  Turn 22: TTFT = 28.4 ms
  Turn 23: TTFT = 31.1 ms
  Turn 24: TTFT = 31.3 ms
  Turn 25: TTFT = 31.1 ms
  Turn 26: TTFT = 30.9 ms
  Turn 27: TTFT = 33.6 ms
  Turn 28: TTFT = 37.2 ms
  Turn 29: TTFT = 36.2 ms
  Turn 30: TTFT = 39.5 ms
  세션 평균 TTFT: 26.9 ms

====== astropy__astropy-7746_run0 (44턴) ======
  Turn 1: TTFT = 33.8 ms
  Turn 2: TTFT = 62.6 ms
  Turn 3: TTFT = 12.8 ms
  Turn 4: TTFT = 16.7 ms
  Turn 5: TTFT = 16.8 ms
  Turn 6: TTFT = 16.9 ms
  Turn 7: TTFT = 18.0 ms
  Turn 8: TTFT = 19.5 ms
  Turn 9: TTFT = 19.7 ms
  Turn 10: TTFT = 19.6 ms
  Turn 11: TTFT = 20.7 ms
  Turn 12: TTFT = 20.3 ms
  Turn 13: TTFT = 23.0 ms
  Turn 14: TTFT = 22.3 ms
  Turn 15: TTFT = 22.7 ms
  Turn 16: TTFT = 23.9 ms
  Turn 17: TTFT = 23.8 ms
  Turn 18: TTFT = 23.8 ms
  Turn 19: TTFT = 24.1 ms
  Turn 20: TTFT = 24.8 ms
  Turn 21: TTFT = 25.4 ms
  Turn 22: TTFT = 25.8 ms
  Turn 23: TTFT = 27.1 ms
  Turn 24: TTFT = 28.2 ms
  Turn 25: TTFT = 29.1 ms
  Turn 26: TTFT = 28.5 ms
  Turn 27: TTFT = 29.0 ms
  Turn 28: TTFT = 29.2 ms
  Turn 29: TTFT = 30.2 ms
  Turn 30: TTFT = 30.2 ms
  Turn 31: TTFT = 30.3 ms
  Turn 32: TTFT = 30.6 ms
  Turn 33: TTFT = 30.8 ms
  Turn 34: TTFT = 32.1 ms
  Turn 35: TTFT = 32.8 ms
  Turn 36: TTFT = 33.0 ms
  Turn 37: TTFT = 32.7 ms
  Turn 38: TTFT = 37.3 ms
  Turn 39: TTFT = 36.9 ms
  Turn 40: TTFT = 38.6 ms
  Turn 41: TTFT = 37.9 ms
  Turn 42: TTFT = 37.3 ms
  Turn 43: TTFT = 38.4 ms
  Turn 44: TTFT = 38.5 ms
  세션 평균 TTFT: 28.1 ms

====== astropy__astropy-7746_run1 (37턴) ======
  Turn 1: TTFT = 33.4 ms
  Turn 2: TTFT = 62.5 ms
  Turn 3: TTFT = 12.9 ms
  Turn 4: TTFT = 14.9 ms
  Turn 5: TTFT = 15.6 ms
  Turn 6: TTFT = 14.4 ms
  Turn 7: TTFT = 16.6 ms
  Turn 8: TTFT = 15.3 ms
  Turn 9: TTFT = 16.4 ms
  Turn 10: TTFT = 16.3 ms
  Turn 11: TTFT = 17.1 ms
  Turn 12: TTFT = 17.5 ms
  Turn 13: TTFT = 18.0 ms
  Turn 14: TTFT = 17.2 ms
  Turn 15: TTFT = 19.7 ms
  Turn 16: TTFT = 19.5 ms
  Turn 17: TTFT = 20.5 ms
  Turn 18: TTFT = 21.4 ms
  Turn 19: TTFT = 21.8 ms
  Turn 20: TTFT = 22.2 ms
  Turn 21: TTFT = 22.0 ms
  Turn 22: TTFT = 22.6 ms
  Turn 23: TTFT = 23.2 ms
  Turn 24: TTFT = 22.8 ms
  Turn 25: TTFT = 24.3 ms
  Turn 26: TTFT = 24.6 ms
  Turn 27: TTFT = 27.6 ms
  Turn 28: TTFT = 26.2 ms
  Turn 29: TTFT = 26.3 ms
  Turn 30: TTFT = 27.2 ms
  Turn 31: TTFT = 28.5 ms
  Turn 32: TTFT = 27.4 ms
  Turn 33: TTFT = 30.0 ms
  Turn 34: TTFT = 28.8 ms
  Turn 35: TTFT = 30.3 ms
  Turn 36: TTFT = 29.8 ms
  Turn 37: TTFT = 29.9 ms
  세션 평균 TTFT: 23.4 ms

====== django__django-11019_run0 (31턴) ======
  Turn 1: TTFT = 32.2 ms
  Turn 2: TTFT = 13.6 ms
  Turn 3: TTFT = 13.3 ms
  Turn 4: TTFT = 18.3 ms
  Turn 5: TTFT = 18.9 ms
  Turn 6: TTFT = 20.0 ms
  Turn 7: TTFT = 24.0 ms
  Turn 8: TTFT = 24.9 ms
  Turn 9: TTFT = 25.1 ms
  Turn 10: TTFT = 27.1 ms
  Turn 11: TTFT = 27.2 ms
  Turn 12: TTFT = 27.9 ms
  Turn 13: TTFT = 28.7 ms
  Turn 14: TTFT = 29.2 ms
  Turn 15: TTFT = 30.3 ms
  Turn 16: TTFT = 30.9 ms
  Turn 17: TTFT = 32.9 ms
  Turn 18: TTFT = 33.6 ms
  Turn 19: TTFT = 35.3 ms
  Turn 20: TTFT = 37.1 ms
  Turn 21: TTFT = 39.7 ms
  Turn 22: TTFT = 40.6 ms
  Turn 23: TTFT = 41.9 ms
  Turn 24: TTFT = 44.4 ms
  Turn 25: TTFT = 43.5 ms
  Turn 26: TTFT = 45.9 ms
  Turn 27: TTFT = 48.0 ms
  Turn 28: TTFT = 50.9 ms
  Turn 29: TTFT = 50.9 ms
  Turn 30: TTFT = 53.0 ms
  Turn 31: TTFT = 54.9 ms
  세션 평균 TTFT: 33.7 ms

====== django__django-15819_run0 (35턴) ======
  Turn 1: TTFT = 30.8 ms
  Turn 2: TTFT = 13.5 ms
  Turn 3: TTFT = 12.7 ms
  Turn 4: TTFT = 12.2 ms
  Turn 5: TTFT = 17.0 ms
  Turn 6: TTFT = 16.5 ms
  Turn 7: TTFT = 22.0 ms
  Turn 8: TTFT = 22.6 ms
  Turn 9: TTFT = 23.0 ms
  Turn 10: TTFT = 23.9 ms
  Turn 11: TTFT = 22.9 ms
  Turn 12: TTFT = 24.7 ms
  Turn 13: TTFT = 27.4 ms
  Turn 14: TTFT = 27.8 ms
  Turn 15: TTFT = 27.8 ms
  Turn 16: TTFT = 28.3 ms
  Turn 17: TTFT = 29.0 ms
  Turn 18: TTFT = 30.9 ms
  Turn 19: TTFT = 34.2 ms
  Turn 20: TTFT = 35.2 ms
  Turn 21: TTFT = 36.9 ms
  Turn 22: TTFT = 37.7 ms
  Turn 23: TTFT = 38.8 ms
  Turn 24: TTFT = 38.7 ms
  Turn 25: TTFT = 40.5 ms
  Turn 26: TTFT = 40.9 ms
  Turn 27: TTFT = 40.1 ms
  Turn 28: TTFT = 41.4 ms
  Turn 29: TTFT = 43.4 ms
  Turn 30: TTFT = 43.0 ms
  Turn 31: TTFT = 43.7 ms
  Turn 32: TTFT = 46.6 ms
  Turn 33: TTFT = 47.2 ms
  Turn 34: TTFT = 47.4 ms
  Turn 35: TTFT = 47.3 ms
  세션 평균 TTFT: 31.9 ms

====== django__django-15819_run1 (37턴) ======
  Turn 1: TTFT = 30.6 ms
  Turn 2: TTFT = 13.9 ms
  Turn 3: TTFT = 14.2 ms
  Turn 4: TTFT = 17.6 ms
  Turn 5: TTFT = 17.5 ms
  Turn 6: TTFT = 17.3 ms
  Turn 7: TTFT = 16.9 ms
  Turn 8: TTFT = 18.3 ms
  Turn 9: TTFT = 20.3 ms
  Turn 10: TTFT = 25.4 ms
  Turn 11: TTFT = 24.9 ms
  Turn 12: TTFT = 26.9 ms
  Turn 13: TTFT = 28.7 ms
  Turn 14: TTFT = 27.8 ms
  Turn 15: TTFT = 28.5 ms
  Turn 16: TTFT = 29.9 ms
  Turn 17: TTFT = 30.8 ms
  Turn 18: TTFT = 31.2 ms
  Turn 19: TTFT = 33.1 ms
  Turn 20: TTFT = 32.8 ms
  Turn 21: TTFT = 33.8 ms
  Turn 22: TTFT = 37.2 ms
  Turn 23: TTFT = 35.7 ms
  Turn 24: TTFT = 39.0 ms
  Turn 25: TTFT = 37.2 ms
  Turn 26: TTFT = 38.0 ms
  Turn 27: TTFT = 38.7 ms
  Turn 28: TTFT = 41.2 ms
  Turn 29: TTFT = 40.1 ms
  Turn 30: TTFT = 41.8 ms
  Turn 31: TTFT = 40.0 ms
  Turn 32: TTFT = 41.8 ms
  Turn 33: TTFT = 41.3 ms
  Turn 34: TTFT = 41.9 ms
  Turn 35: TTFT = 43.3 ms
  Turn 36: TTFT = 43.3 ms
  Turn 37: TTFT = 45.1 ms
  세션 평균 TTFT: 31.5 ms

====== matplotlib__matplotlib-23563_run1 (28턴) ======
  Turn 1: TTFT = 41.9 ms
  Turn 2: TTFT = 15.4 ms
  Turn 3: TTFT = 14.5 ms
  Turn 4: TTFT = 21.2 ms
  Turn 5: TTFT = 21.6 ms
  Turn 6: TTFT = 22.1 ms
  Turn 7: TTFT = 22.8 ms
  Turn 8: TTFT = 24.6 ms
  Turn 9: TTFT = 25.1 ms
  Turn 10: TTFT = 24.4 ms
  Turn 11: TTFT = 25.2 ms
  Turn 12: TTFT = 25.1 ms
  Turn 13: TTFT = 25.2 ms
  Turn 14: TTFT = 24.4 ms
  Turn 15: TTFT = 26.3 ms
  Turn 16: TTFT = 27.3 ms
  Turn 17: TTFT = 28.0 ms
  Turn 18: TTFT = 28.9 ms
  Turn 19: TTFT = 28.8 ms
  Turn 20: TTFT = 30.4 ms
  Turn 21: TTFT = 29.9 ms
  Turn 22: TTFT = 31.2 ms
  Turn 23: TTFT = 33.8 ms
  Turn 24: TTFT = 32.7 ms
  Turn 25: TTFT = 33.2 ms
  Turn 26: TTFT = 33.2 ms
  Turn 27: TTFT = 34.0 ms
  Turn 28: TTFT = 34.8 ms
  세션 평균 TTFT: 27.3 ms

====== matplotlib__matplotlib-23913_run0 (36턴) ======
  Turn 1: TTFT = 30.7 ms
  Turn 2: TTFT = 64.2 ms
  Turn 3: TTFT = 16.9 ms
  Turn 4: TTFT = 15.8 ms
  Turn 5: TTFT = 22.3 ms
  Turn 6: TTFT = 22.1 ms
  Turn 7: TTFT = 24.0 ms
  Turn 8: TTFT = 24.9 ms
  Turn 9: TTFT = 25.3 ms
  Turn 10: TTFT = 25.0 ms
  Turn 11: TTFT = 26.6 ms
  Turn 12: TTFT = 26.3 ms
  Turn 13: TTFT = 27.6 ms
  Turn 14: TTFT = 28.1 ms
  Turn 15: TTFT = 29.1 ms
  Turn 16: TTFT = 30.5 ms
  Turn 17: TTFT = 30.3 ms
  Turn 18: TTFT = 31.1 ms
  Turn 19: TTFT = 32.1 ms
  Turn 20: TTFT = 32.5 ms
  Turn 21: TTFT = 33.3 ms
  Turn 22: TTFT = 33.8 ms
  Turn 23: TTFT = 36.3 ms
  Turn 24: TTFT = 36.2 ms
  Turn 25: TTFT = 36.7 ms
  Turn 26: TTFT = 37.6 ms
  Turn 27: TTFT = 38.0 ms
  Turn 28: TTFT = 38.6 ms
  Turn 29: TTFT = 40.4 ms
  Turn 30: TTFT = 40.9 ms
  Turn 31: TTFT = 42.6 ms
  Turn 32: TTFT = 40.9 ms
  Turn 33: TTFT = 42.4 ms
  Turn 34: TTFT = 42.3 ms
  Turn 35: TTFT = 43.2 ms
  Turn 36: TTFT = 43.9 ms
  세션 평균 TTFT: 33.1 ms

====== matplotlib__matplotlib-23913_run1 (40턴) ======
  Turn 1: TTFT = 30.4 ms
  Turn 2: TTFT = 30.3 ms
  Turn 3: TTFT = 15.6 ms
  Turn 4: TTFT = 14.2 ms
  Turn 5: TTFT = 14.8 ms
  Turn 6: TTFT = 15.7 ms
  Turn 7: TTFT = 16.8 ms
  Turn 8: TTFT = 17.3 ms
  Turn 9: TTFT = 20.0 ms
  Turn 10: TTFT = 19.1 ms
  Turn 11: TTFT = 19.8 ms
  Turn 12: TTFT = 20.2 ms
  Turn 13: TTFT = 20.6 ms
  Turn 14: TTFT = 19.2 ms
  Turn 15: TTFT = 21.1 ms
  Turn 16: TTFT = 21.1 ms
  Turn 17: TTFT = 24.1 ms
  Turn 18: TTFT = 23.6 ms
  Turn 19: TTFT = 23.8 ms
  Turn 20: TTFT = 24.4 ms
  Turn 21: TTFT = 25.0 ms
  Turn 22: TTFT = 26.3 ms
  Turn 23: TTFT = 26.8 ms
  Turn 24: TTFT = 26.8 ms
  Turn 25: TTFT = 27.2 ms
  Turn 26: TTFT = 27.8 ms
  Turn 27: TTFT = 28.0 ms
  Turn 28: TTFT = 28.9 ms
  Turn 29: TTFT = 29.0 ms
  Turn 30: TTFT = 29.7 ms
  Turn 31: TTFT = 32.0 ms
  Turn 32: TTFT = 30.2 ms
  Turn 33: TTFT = 30.0 ms
  Turn 34: TTFT = 30.6 ms
  Turn 35: TTFT = 31.3 ms
  Turn 36: TTFT = 32.0 ms
  Turn 37: TTFT = 32.1 ms
  Turn 38: TTFT = 33.1 ms
  Turn 39: TTFT = 33.6 ms
  Turn 40: TTFT = 34.0 ms
  세션 평균 TTFT: 25.2 ms

====== mwaskom__seaborn-2848_run0 (32턴) ======
  Turn 1: TTFT = 31.4 ms
  Turn 2: TTFT = 69.7 ms
  Turn 3: TTFT = 15.7 ms
  Turn 4: TTFT = 14.6 ms
  Turn 5: TTFT = 15.1 ms
  Turn 6: TTFT = 15.0 ms
  Turn 7: TTFT = 18.0 ms
  Turn 8: TTFT = 16.9 ms
  Turn 9: TTFT = 19.3 ms
  Turn 10: TTFT = 19.6 ms
  Turn 11: TTFT = 21.2 ms
  Turn 12: TTFT = 22.0 ms
  Turn 13: TTFT = 22.1 ms
  Turn 14: TTFT = 22.1 ms
  Turn 15: TTFT = 22.9 ms
  Turn 16: TTFT = 23.9 ms
  Turn 17: TTFT = 24.7 ms
  Turn 18: TTFT = 24.1 ms
  Turn 19: TTFT = 25.1 ms
  Turn 20: TTFT = 25.1 ms
  Turn 21: TTFT = 25.8 ms
  Turn 22: TTFT = 25.8 ms
  Turn 23: TTFT = 27.2 ms
  Turn 24: TTFT = 28.1 ms
  Turn 25: TTFT = 28.6 ms
  Turn 26: TTFT = 29.0 ms
  Turn 27: TTFT = 31.4 ms
  Turn 28: TTFT = 32.0 ms
  Turn 29: TTFT = 32.0 ms
  Turn 30: TTFT = 33.6 ms
  Turn 31: TTFT = 37.1 ms
  Turn 32: TTFT = 38.2 ms
  세션 평균 TTFT: 26.2 ms

====== mwaskom__seaborn-2848_run1 (31턴) ======
  Turn 1: TTFT = 30.5 ms
  Turn 2: TTFT = 70.1 ms
  Turn 3: TTFT = 13.8 ms
  Turn 4: TTFT = 13.6 ms
  Turn 5: TTFT = 18.8 ms
  Turn 6: TTFT = 18.2 ms
  Turn 7: TTFT = 19.1 ms
  Turn 8: TTFT = 20.9 ms
  Turn 9: TTFT = 21.8 ms
  Turn 10: TTFT = 24.9 ms
  Turn 11: TTFT = 25.1 ms
  Turn 12: TTFT = 24.0 ms
  Turn 13: TTFT = 25.8 ms
  Turn 14: TTFT = 31.7 ms
  Turn 15: TTFT = 31.6 ms
  Turn 16: TTFT = 30.5 ms
  Turn 17: TTFT = 33.1 ms
  Turn 18: TTFT = 31.7 ms
  Turn 19: TTFT = 34.5 ms
  Turn 20: TTFT = 33.1 ms
  Turn 21: TTFT = 33.9 ms
  Turn 22: TTFT = 34.3 ms
  Turn 23: TTFT = 36.0 ms
  Turn 24: TTFT = 36.0 ms
  Turn 25: TTFT = 40.0 ms
  Turn 26: TTFT = 42.9 ms
  Turn 27: TTFT = 43.8 ms
  Turn 28: TTFT = 41.8 ms
  Turn 29: TTFT = 42.1 ms
  Turn 30: TTFT = 42.1 ms
  Turn 31: TTFT = 43.9 ms
  세션 평균 TTFT: 31.9 ms

====== mwaskom__seaborn-3010_run0 (23턴) ======
  Turn 1: TTFT = 41.7 ms
  Turn 2: TTFT = 14.5 ms
  Turn 3: TTFT = 12.3 ms
  Turn 4: TTFT = 14.3 ms
  Turn 5: TTFT = 13.9 ms
  Turn 6: TTFT = 15.4 ms
  Turn 7: TTFT = 15.6 ms
  Turn 8: TTFT = 15.4 ms
  Turn 9: TTFT = 17.0 ms
  Turn 10: TTFT = 16.8 ms
  Turn 11: TTFT = 17.1 ms
  Turn 12: TTFT = 17.9 ms
  Turn 13: TTFT = 19.6 ms
  Turn 14: TTFT = 20.6 ms
  Turn 15: TTFT = 21.7 ms
  Turn 16: TTFT = 22.8 ms
  Turn 17: TTFT = 24.9 ms
  Turn 18: TTFT = 25.0 ms
  Turn 19: TTFT = 26.8 ms
  Turn 20: TTFT = 27.5 ms
  Turn 21: TTFT = 29.4 ms
  Turn 22: TTFT = 30.5 ms
  Turn 23: TTFT = 30.9 ms
  세션 평균 TTFT: 21.4 ms

====== mwaskom__seaborn-3010_run1 (22턴) ======
  Turn 1: TTFT = 39.9 ms
  Turn 2: TTFT = 14.0 ms
  Turn 3: TTFT = 13.5 ms
  Turn 4: TTFT = 14.0 ms
  Turn 5: TTFT = 14.6 ms
  Turn 6: TTFT = 14.7 ms
  Turn 7: TTFT = 14.8 ms
  Turn 8: TTFT = 16.0 ms
  Turn 9: TTFT = 16.8 ms
  Turn 10: TTFT = 17.7 ms
  Turn 11: TTFT = 18.3 ms
  Turn 12: TTFT = 19.1 ms
  Turn 13: TTFT = 20.1 ms
  Turn 14: TTFT = 21.6 ms
  Turn 15: TTFT = 22.2 ms
  Turn 16: TTFT = 22.4 ms
  Turn 17: TTFT = 23.7 ms
  Turn 18: TTFT = 25.5 ms
  Turn 19: TTFT = 26.0 ms
  Turn 20: TTFT = 25.6 ms
  Turn 21: TTFT = 26.6 ms
  Turn 22: TTFT = 26.9 ms
  세션 평균 TTFT: 20.6 ms

====== pallets__flask-4045_run0 (26턴) ======
  Turn 1: TTFT = 30.1 ms
  Turn 2: TTFT = 50.8 ms
  Turn 3: TTFT = 63.6 ms
  Turn 4: TTFT = 18.3 ms
  Turn 5: TTFT = 16.9 ms
  Turn 6: TTFT = 19.7 ms
  Turn 7: TTFT = 17.2 ms
  Turn 8: TTFT = 18.7 ms
  Turn 9: TTFT = 19.8 ms
  Turn 10: TTFT = 21.1 ms
  Turn 11: TTFT = 21.3 ms
  Turn 12: TTFT = 21.7 ms
  Turn 13: TTFT = 23.7 ms
  Turn 14: TTFT = 23.9 ms
  Turn 15: TTFT = 24.3 ms
  Turn 16: TTFT = 25.8 ms
  Turn 17: TTFT = 25.7 ms
  Turn 18: TTFT = 25.3 ms
  Turn 19: TTFT = 26.5 ms
  Turn 20: TTFT = 26.6 ms
  Turn 21: TTFT = 28.8 ms
  Turn 22: TTFT = 27.2 ms
  Turn 23: TTFT = 27.2 ms
  Turn 24: TTFT = 28.0 ms
  Turn 25: TTFT = 29.8 ms
  Turn 26: TTFT = 29.3 ms
  세션 평균 TTFT: 26.6 ms

====== pallets__flask-4045_run1 (41턴) ======
  Turn 1: TTFT = 29.1 ms
  Turn 2: TTFT = 51.2 ms
  Turn 3: TTFT = 63.1 ms
  Turn 4: TTFT = 18.9 ms
  Turn 5: TTFT = 18.8 ms
  Turn 6: TTFT = 19.5 ms
  Turn 7: TTFT = 17.7 ms
  Turn 8: TTFT = 20.0 ms
  Turn 9: TTFT = 19.7 ms
  Turn 10: TTFT = 21.2 ms
  Turn 11: TTFT = 20.4 ms
  Turn 12: TTFT = 21.2 ms
  Turn 13: TTFT = 21.3 ms
  Turn 14: TTFT = 21.4 ms
  Turn 15: TTFT = 26.2 ms
  Turn 16: TTFT = 27.2 ms
  Turn 17: TTFT = 26.3 ms
  Turn 18: TTFT = 27.7 ms
  Turn 19: TTFT = 27.5 ms
  Turn 20: TTFT = 27.6 ms
  Turn 21: TTFT = 28.6 ms
  Turn 22: TTFT = 28.8 ms
  Turn 23: TTFT = 31.4 ms
  Turn 24: TTFT = 30.3 ms
  Turn 25: TTFT = 31.7 ms
  Turn 26: TTFT = 32.7 ms
  Turn 27: TTFT = 33.2 ms
  Turn 28: TTFT = 33.4 ms
  Turn 29: TTFT = 34.5 ms
  Turn 30: TTFT = 34.0 ms
  Turn 31: TTFT = 34.7 ms
  Turn 32: TTFT = 37.5 ms
  Turn 33: TTFT = 38.0 ms
  Turn 34: TTFT = 38.9 ms
  Turn 35: TTFT = 39.1 ms
  Turn 36: TTFT = 41.2 ms
  Turn 37: TTFT = 40.1 ms
  Turn 38: TTFT = 40.7 ms
  Turn 39: TTFT = 40.2 ms
  Turn 40: TTFT = 42.3 ms
  Turn 41: TTFT = 41.5 ms
  세션 평균 TTFT: 31.2 ms

====== pallets__flask-5063_run0 (39턴) ======
  Turn 1: TTFT = 32.3 ms
  Turn 2: TTFT = 57.5 ms
  Turn 3: TTFT = 14.3 ms
  Turn 4: TTFT = 13.4 ms
  Turn 5: TTFT = 13.0 ms
  Turn 6: TTFT = 13.1 ms
  Turn 7: TTFT = 14.1 ms
  Turn 8: TTFT = 14.6 ms
  Turn 9: TTFT = 14.4 ms
  Turn 10: TTFT = 15.5 ms
  Turn 11: TTFT = 15.4 ms
  Turn 12: TTFT = 15.8 ms
  Turn 13: TTFT = 16.7 ms
  Turn 14: TTFT = 17.1 ms
  Turn 15: TTFT = 17.8 ms
  Turn 16: TTFT = 17.3 ms
  Turn 17: TTFT = 22.1 ms
  Turn 18: TTFT = 21.6 ms
  Turn 19: TTFT = 21.3 ms
  Turn 20: TTFT = 21.7 ms
  Turn 21: TTFT = 21.3 ms
  Turn 22: TTFT = 22.0 ms
  Turn 23: TTFT = 22.6 ms
  Turn 24: TTFT = 22.3 ms
  Turn 25: TTFT = 22.6 ms
  Turn 26: TTFT = 23.2 ms
  Turn 27: TTFT = 23.7 ms
  Turn 28: TTFT = 24.2 ms
  Turn 29: TTFT = 25.5 ms
  Turn 30: TTFT = 25.3 ms
  Turn 31: TTFT = 27.0 ms
  Turn 32: TTFT = 26.8 ms
  Turn 33: TTFT = 27.7 ms
  Turn 34: TTFT = 26.4 ms
  Turn 35: TTFT = 26.9 ms
  Turn 36: TTFT = 27.7 ms
  Turn 37: TTFT = 27.3 ms
  Turn 38: TTFT = 27.9 ms
  Turn 39: TTFT = 28.1 ms
  세션 평균 TTFT: 22.2 ms

====== pallets__flask-5063_run1 (37턴) ======
  Turn 1: TTFT = 31.6 ms
  Turn 2: TTFT = 57.5 ms
  Turn 3: TTFT = 13.7 ms
  Turn 4: TTFT = 18.8 ms
  Turn 5: TTFT = 23.0 ms
  Turn 6: TTFT = 24.1 ms
  Turn 7: TTFT = 25.0 ms
  Turn 8: TTFT = 24.7 ms
  Turn 9: TTFT = 24.3 ms
  Turn 10: TTFT = 25.0 ms
  Turn 11: TTFT = 27.3 ms
  Turn 12: TTFT = 25.9 ms
  Turn 13: TTFT = 26.5 ms
  Turn 14: TTFT = 26.0 ms
  Turn 15: TTFT = 27.0 ms
  Turn 16: TTFT = 27.1 ms
  Turn 17: TTFT = 27.8 ms
  Turn 18: TTFT = 28.3 ms
  Turn 19: TTFT = 27.9 ms
  Turn 20: TTFT = 30.7 ms
  Turn 21: TTFT = 31.1 ms
  Turn 22: TTFT = 32.0 ms
  Turn 23: TTFT = 31.1 ms
  Turn 24: TTFT = 31.6 ms
  Turn 25: TTFT = 32.3 ms
  Turn 26: TTFT = 33.1 ms
  Turn 27: TTFT = 34.7 ms
  Turn 28: TTFT = 36.3 ms
  Turn 29: TTFT = 35.7 ms
  Turn 30: TTFT = 38.4 ms
  Turn 31: TTFT = 39.2 ms
  Turn 32: TTFT = 39.4 ms
  Turn 33: TTFT = 40.3 ms
  Turn 34: TTFT = 40.8 ms
  Turn 35: TTFT = 40.9 ms
  Turn 36: TTFT = 41.1 ms
  Turn 37: TTFT = 44.0 ms
  세션 평균 TTFT: 31.5 ms

====== psf__requests-3362_run0 (39턴) ======
  Turn 1: TTFT = 31.4 ms
  Turn 2: TTFT = 44.0 ms
  Turn 3: TTFT = 18.8 ms
  Turn 4: TTFT = 19.4 ms
  Turn 5: TTFT = 18.1 ms
  Turn 6: TTFT = 18.6 ms
  Turn 7: TTFT = 18.0 ms
  Turn 8: TTFT = 17.8 ms
  Turn 9: TTFT = 20.7 ms
  Turn 10: TTFT = 18.9 ms
  Turn 11: TTFT = 20.0 ms
  Turn 12: TTFT = 19.1 ms
  Turn 13: TTFT = 20.7 ms
  Turn 14: TTFT = 21.6 ms
  Turn 15: TTFT = 21.7 ms
  Turn 16: TTFT = 22.4 ms
  Turn 17: TTFT = 23.4 ms
  Turn 18: TTFT = 24.1 ms
  Turn 19: TTFT = 23.9 ms
  Turn 20: TTFT = 25.6 ms
  Turn 21: TTFT = 25.1 ms
  Turn 22: TTFT = 26.3 ms
  Turn 23: TTFT = 26.6 ms
  Turn 24: TTFT = 27.1 ms
  Turn 25: TTFT = 27.9 ms
  Turn 26: TTFT = 28.8 ms
  Turn 27: TTFT = 30.3 ms
  Turn 28: TTFT = 29.8 ms
  Turn 29: TTFT = 31.1 ms
  Turn 30: TTFT = 31.7 ms
  Turn 31: TTFT = 32.9 ms
  Turn 32: TTFT = 33.4 ms
  Turn 33: TTFT = 33.4 ms
  Turn 34: TTFT = 35.4 ms
  Turn 35: TTFT = 36.7 ms
  Turn 36: TTFT = 38.2 ms
  Turn 37: TTFT = 37.0 ms
  Turn 38: TTFT = 39.1 ms
  Turn 39: TTFT = 42.9 ms
  세션 평균 TTFT: 27.2 ms

====== psf__requests-3362_run1 (41턴) ======
  Turn 1: TTFT = 30.7 ms
  Turn 2: TTFT = 43.3 ms
  Turn 3: TTFT = 51.9 ms
  Turn 4: TTFT = 18.1 ms
  Turn 5: TTFT = 17.0 ms
  Turn 6: TTFT = 16.3 ms
  Turn 7: TTFT = 17.0 ms
  Turn 8: TTFT = 17.2 ms
  Turn 9: TTFT = 18.0 ms
  Turn 10: TTFT = 17.8 ms
  Turn 11: TTFT = 19.3 ms
  Turn 12: TTFT = 19.0 ms
  Turn 13: TTFT = 19.3 ms
  Turn 14: TTFT = 19.8 ms
  Turn 15: TTFT = 20.9 ms
  Turn 16: TTFT = 21.8 ms
  Turn 17: TTFT = 21.9 ms
  Turn 18: TTFT = 22.3 ms
  Turn 19: TTFT = 22.7 ms
  Turn 20: TTFT = 22.9 ms
  Turn 21: TTFT = 24.1 ms
  Turn 22: TTFT = 24.1 ms
  Turn 23: TTFT = 24.8 ms
  Turn 24: TTFT = 25.2 ms
  Turn 25: TTFT = 25.1 ms
  Turn 26: TTFT = 25.8 ms
  Turn 27: TTFT = 27.3 ms
  Turn 28: TTFT = 27.9 ms
  Turn 29: TTFT = 28.2 ms
  Turn 30: TTFT = 29.7 ms
  Turn 31: TTFT = 30.1 ms
  Turn 32: TTFT = 31.8 ms
  Turn 33: TTFT = 32.5 ms
  Turn 34: TTFT = 33.3 ms
  Turn 35: TTFT = 37.2 ms
  Turn 36: TTFT = 39.6 ms
  Turn 37: TTFT = 37.9 ms
  Turn 38: TTFT = 39.9 ms
  Turn 39: TTFT = 39.8 ms
  Turn 40: TTFT = 40.2 ms
  Turn 41: TTFT = 39.7 ms
  세션 평균 TTFT: 27.3 ms

====== psf__requests-863_run0 (32턴) ======
  Turn 1: TTFT = 30.7 ms
  Turn 2: TTFT = 41.6 ms
  Turn 3: TTFT = 50.0 ms
  Turn 4: TTFT = 17.3 ms
  Turn 5: TTFT = 17.0 ms
  Turn 6: TTFT = 16.9 ms
  Turn 7: TTFT = 17.4 ms
  Turn 8: TTFT = 18.6 ms
  Turn 9: TTFT = 17.9 ms
  Turn 10: TTFT = 19.1 ms
  Turn 11: TTFT = 20.4 ms
  Turn 12: TTFT = 21.5 ms
  Turn 13: TTFT = 22.6 ms
  Turn 14: TTFT = 22.6 ms
  Turn 15: TTFT = 23.7 ms
  Turn 16: TTFT = 24.1 ms
  Turn 17: TTFT = 25.1 ms
  Turn 18: TTFT = 24.1 ms
  Turn 19: TTFT = 26.9 ms
  Turn 20: TTFT = 27.0 ms
  Turn 21: TTFT = 26.4 ms
  Turn 22: TTFT = 27.4 ms
  Turn 23: TTFT = 28.3 ms
  Turn 24: TTFT = 28.9 ms
  Turn 25: TTFT = 30.1 ms
  Turn 26: TTFT = 30.1 ms
  Turn 27: TTFT = 30.0 ms
  Turn 28: TTFT = 31.6 ms
  Turn 29: TTFT = 32.1 ms
  Turn 30: TTFT = 33.1 ms
  Turn 31: TTFT = 34.8 ms
  Turn 32: TTFT = 32.9 ms
  세션 평균 TTFT: 26.6 ms

====== psf__requests-863_run1 (37턴) ======
  Turn 1: TTFT = 30.5 ms
  Turn 2: TTFT = 41.6 ms
  Turn 3: TTFT = 51.1 ms
  Turn 4: TTFT = 18.4 ms
  Turn 5: TTFT = 16.8 ms
  Turn 6: TTFT = 16.3 ms
  Turn 7: TTFT = 16.2 ms
  Turn 8: TTFT = 16.5 ms
  Turn 9: TTFT = 17.8 ms
  Turn 10: TTFT = 16.9 ms
  Turn 11: TTFT = 18.8 ms
  Turn 12: TTFT = 19.1 ms
  Turn 13: TTFT = 19.6 ms
  Turn 14: TTFT = 19.3 ms
  Turn 15: TTFT = 21.7 ms
  Turn 16: TTFT = 22.4 ms
  Turn 17: TTFT = 22.4 ms
  Turn 18: TTFT = 23.4 ms
  Turn 19: TTFT = 24.0 ms
  Turn 20: TTFT = 24.1 ms
  Turn 21: TTFT = 23.5 ms
  Turn 22: TTFT = 24.7 ms
  Turn 23: TTFT = 26.8 ms
  Turn 24: TTFT = 25.4 ms
  Turn 25: TTFT = 26.1 ms
  Turn 26: TTFT = 26.4 ms
  Turn 27: TTFT = 26.7 ms
  Turn 28: TTFT = 27.1 ms
  Turn 29: TTFT = 26.8 ms
  Turn 30: TTFT = 28.8 ms
  Turn 31: TTFT = 29.5 ms
  Turn 32: TTFT = 29.8 ms
  Turn 33: TTFT = 30.0 ms
  Turn 34: TTFT = 30.8 ms
  Turn 35: TTFT = 33.3 ms
  Turn 36: TTFT = 31.3 ms
  Turn 37: TTFT = 30.9 ms
  세션 평균 TTFT: 25.3 ms

====== pydata__xarray-3364_run0 (35턴) ======
  Turn 1: TTFT = 30.0 ms
  Turn 2: TTFT = 50.8 ms
  Turn 3: TTFT = 13.8 ms
  Turn 4: TTFT = 12.7 ms
  Turn 5: TTFT = 17.5 ms
  Turn 6: TTFT = 17.2 ms
  Turn 7: TTFT = 18.6 ms
  Turn 8: TTFT = 19.7 ms
  Turn 9: TTFT = 21.3 ms
  Turn 10: TTFT = 21.9 ms
  Turn 11: TTFT = 22.0 ms
  Turn 12: TTFT = 22.5 ms
  Turn 13: TTFT = 23.7 ms
  Turn 14: TTFT = 24.3 ms
  Turn 15: TTFT = 24.3 ms
  Turn 16: TTFT = 24.8 ms
  Turn 17: TTFT = 25.2 ms
  Turn 18: TTFT = 24.8 ms
  Turn 19: TTFT = 25.2 ms
  Turn 20: TTFT = 26.4 ms
  Turn 21: TTFT = 27.5 ms
  Turn 22: TTFT = 28.1 ms
  Turn 23: TTFT = 28.1 ms
  Turn 24: TTFT = 28.7 ms
  Turn 25: TTFT = 28.3 ms
  Turn 26: TTFT = 28.9 ms
  Turn 27: TTFT = 29.1 ms
  Turn 28: TTFT = 29.5 ms
  Turn 29: TTFT = 29.3 ms
  Turn 30: TTFT = 29.0 ms
  Turn 31: TTFT = 31.2 ms
  Turn 32: TTFT = 32.5 ms
  Turn 33: TTFT = 36.2 ms
  Turn 34: TTFT = 37.8 ms
  Turn 35: TTFT = 41.3 ms
  세션 평균 TTFT: 26.6 ms

====== pydata__xarray-3364_run1 (73턴) ======
  Turn 1: TTFT = 30.9 ms
  Turn 2: TTFT = 50.7 ms
  Turn 3: TTFT = 14.4 ms
  Turn 4: TTFT = 18.4 ms
  Turn 5: TTFT = 19.9 ms
  Turn 6: TTFT = 19.9 ms
  Turn 7: TTFT = 21.8 ms
  Turn 8: TTFT = 21.6 ms
  Turn 9: TTFT = 22.5 ms
  Turn 10: TTFT = 22.5 ms
  Turn 11: TTFT = 22.8 ms
  Turn 12: TTFT = 23.3 ms
  Turn 13: TTFT = 23.7 ms
  Turn 14: TTFT = 25.8 ms
  Turn 15: TTFT = 28.6 ms
  Turn 16: TTFT = 29.5 ms
  Turn 17: TTFT = 35.1 ms
  Turn 18: TTFT = 34.3 ms
  Turn 19: TTFT = 34.1 ms
  Turn 20: TTFT = 34.5 ms
  Turn 21: TTFT = 36.6 ms
  Turn 22: TTFT = 39.1 ms
  Turn 23: TTFT = 40.1 ms
  Turn 24: TTFT = 39.3 ms
  Turn 25: TTFT = 40.9 ms
  Turn 26: TTFT = 41.4 ms
  Turn 27: TTFT = 45.6 ms
  Turn 28: TTFT = 44.8 ms
  Turn 29: TTFT = 45.4 ms
  Turn 30: TTFT = 47.2 ms
  Turn 31: TTFT = 46.5 ms
  Turn 32: TTFT = 46.5 ms
  Turn 33: TTFT = 47.4 ms
  Turn 34: TTFT = 49.8 ms
  Turn 35: TTFT = 48.7 ms
  Turn 36: TTFT = 48.3 ms
  Turn 37: TTFT = 48.7 ms
  Turn 38: TTFT = 52.0 ms
  Turn 39: TTFT = 52.7 ms
  Turn 40: TTFT = 53.6 ms
  Turn 41: TTFT = 53.8 ms
  Turn 42: TTFT = 54.0 ms
  Turn 43: TTFT = 54.9 ms
  Turn 44: TTFT = 55.0 ms
  Turn 45: TTFT = 56.3 ms
  Turn 46: TTFT = 57.0 ms
  Turn 47: TTFT = 57.7 ms
  Turn 48: TTFT = 58.0 ms
  Turn 49: TTFT = 58.6 ms
  Turn 50: TTFT = 57.8 ms
  Turn 51: TTFT = 57.1 ms
  Turn 52: TTFT = 58.8 ms
  Turn 53: TTFT = 59.8 ms
  Turn 54: TTFT = 58.5 ms
  Turn 55: TTFT = 62.1 ms
  Turn 56: TTFT = 63.6 ms
  Turn 57: TTFT = 64.6 ms
  Turn 58: TTFT = 63.6 ms
  Turn 59: TTFT = 70.7 ms
  Turn 60: TTFT = 74.9 ms
  Turn 61: TTFT = 74.3 ms
  Turn 62: TTFT = 71.3 ms
  Turn 63: TTFT = 73.8 ms
  Turn 64: TTFT = 73.0 ms
  Turn 65: TTFT = 73.2 ms
  Turn 66: TTFT = 75.2 ms
  Turn 67: TTFT = 75.8 ms
  Turn 68: TTFT = 76.9 ms
  Turn 69: TTFT = 78.0 ms
  Turn 70: TTFT = 76.3 ms
  Turn 71: TTFT = 76.8 ms
  Turn 72: TTFT = 76.8 ms
  Turn 73: TTFT = 76.8 ms
  세션 평균 TTFT: 49.6 ms

====== pydata__xarray-4493_run0 (51턴) ======
  Turn 1: TTFT = 36.3 ms
  Turn 2: TTFT = 58.5 ms
  Turn 3: TTFT = 69.7 ms
  Turn 4: TTFT = 15.8 ms
  Turn 5: TTFT = 13.8 ms
  Turn 6: TTFT = 14.3 ms
  Turn 7: TTFT = 14.7 ms
  Turn 8: TTFT = 15.1 ms
  Turn 9: TTFT = 15.7 ms
  Turn 10: TTFT = 17.7 ms
  Turn 11: TTFT = 16.3 ms
  Turn 12: TTFT = 17.7 ms
  Turn 13: TTFT = 17.8 ms
  Turn 14: TTFT = 18.9 ms
  Turn 15: TTFT = 17.9 ms
  Turn 16: TTFT = 20.0 ms
  Turn 17: TTFT = 19.4 ms
  Turn 18: TTFT = 19.2 ms
  Turn 19: TTFT = 21.1 ms
  Turn 20: TTFT = 20.4 ms
  Turn 21: TTFT = 20.9 ms
  Turn 22: TTFT = 21.6 ms
  Turn 23: TTFT = 24.0 ms
  Turn 24: TTFT = 23.8 ms
  Turn 25: TTFT = 25.2 ms
  Turn 26: TTFT = 24.8 ms
  Turn 27: TTFT = 26.5 ms
  Turn 28: TTFT = 27.6 ms
  Turn 29: TTFT = 26.3 ms
  Turn 30: TTFT = 29.6 ms
  Turn 31: TTFT = 28.8 ms
  Turn 32: TTFT = 27.9 ms
  Turn 33: TTFT = 27.6 ms
  Turn 34: TTFT = 28.9 ms
  Turn 35: TTFT = 28.6 ms
  Turn 36: TTFT = 30.1 ms
  Turn 37: TTFT = 30.3 ms
  Turn 38: TTFT = 29.7 ms
  Turn 39: TTFT = 30.7 ms
  Turn 40: TTFT = 30.6 ms
  Turn 41: TTFT = 31.9 ms
  Turn 42: TTFT = 33.8 ms
  Turn 43: TTFT = 34.1 ms
  Turn 44: TTFT = 33.7 ms
  Turn 45: TTFT = 34.2 ms
  Turn 46: TTFT = 34.7 ms
  Turn 47: TTFT = 35.2 ms
  Turn 48: TTFT = 34.9 ms
  Turn 49: TTFT = 34.9 ms
  Turn 50: TTFT = 36.0 ms
  Turn 51: TTFT = 36.2 ms
  세션 평균 TTFT: 27.1 ms

====== pydata__xarray-4493_run1 (54턴) ======
  Turn 1: TTFT = 35.6 ms
  Turn 2: TTFT = 58.4 ms
  Turn 3: TTFT = 72.6 ms
  Turn 4: TTFT = 15.4 ms
  Turn 5: TTFT = 14.4 ms
  Turn 6: TTFT = 14.9 ms
  Turn 7: TTFT = 14.5 ms
  Turn 8: TTFT = 15.0 ms
  Turn 9: TTFT = 15.9 ms
  Turn 10: TTFT = 16.0 ms
  Turn 11: TTFT = 16.4 ms
  Turn 12: TTFT = 16.9 ms
  Turn 13: TTFT = 17.4 ms
  Turn 14: TTFT = 17.7 ms
  Turn 15: TTFT = 17.5 ms
  Turn 16: TTFT = 17.2 ms
  Turn 17: TTFT = 17.5 ms
  Turn 18: TTFT = 18.0 ms
  Turn 19: TTFT = 18.2 ms
  Turn 20: TTFT = 18.0 ms
  Turn 21: TTFT = 19.8 ms
  Turn 22: TTFT = 19.8 ms
  Turn 23: TTFT = 21.6 ms
  Turn 24: TTFT = 21.6 ms
  Turn 25: TTFT = 23.8 ms
  Turn 26: TTFT = 23.0 ms
  Turn 27: TTFT = 26.5 ms
  Turn 28: TTFT = 24.3 ms
  Turn 29: TTFT = 24.8 ms
  Turn 30: TTFT = 26.8 ms
  Turn 31: TTFT = 27.6 ms
  Turn 32: TTFT = 28.9 ms
  Turn 33: TTFT = 28.8 ms
  Turn 34: TTFT = 27.1 ms
  Turn 35: TTFT = 26.4 ms
  Turn 36: TTFT = 27.9 ms
  Turn 37: TTFT = 28.9 ms
  Turn 38: TTFT = 28.8 ms
  Turn 39: TTFT = 31.6 ms
  Turn 40: TTFT = 32.0 ms
  Turn 41: TTFT = 34.4 ms
  Turn 42: TTFT = 35.5 ms
  Turn 43: TTFT = 36.4 ms
  Turn 44: TTFT = 38.4 ms
  Turn 45: TTFT = 38.8 ms
  Turn 46: TTFT = 39.5 ms
  Turn 47: TTFT = 39.8 ms
  Turn 48: TTFT = 41.6 ms
  Turn 49: TTFT = 41.4 ms
  Turn 50: TTFT = 41.2 ms
  Turn 51: TTFT = 42.4 ms
  Turn 52: TTFT = 42.9 ms
  Turn 53: TTFT = 41.6 ms
  Turn 54: TTFT = 43.4 ms
  세션 평균 TTFT: 28.2 ms

====== pylint-dev__pylint-5859_run0 (29턴) ======
  Turn 1: TTFT = 31.1 ms
  Turn 2: TTFT = 62.2 ms
  Turn 3: TTFT = 17.0 ms
  Turn 4: TTFT = 15.3 ms
  Turn 5: TTFT = 18.3 ms
  Turn 6: TTFT = 19.3 ms
  Turn 7: TTFT = 22.9 ms
  Turn 8: TTFT = 21.7 ms
  Turn 9: TTFT = 22.0 ms
  Turn 10: TTFT = 22.2 ms
  Turn 11: TTFT = 22.5 ms
  Turn 12: TTFT = 22.4 ms
  Turn 13: TTFT = 25.0 ms
  Turn 14: TTFT = 25.9 ms
  Turn 15: TTFT = 27.1 ms
  Turn 16: TTFT = 27.3 ms
  Turn 17: TTFT = 28.4 ms
  Turn 18: TTFT = 29.2 ms
  Turn 19: TTFT = 30.6 ms
  Turn 20: TTFT = 32.1 ms
  Turn 21: TTFT = 32.3 ms
  Turn 22: TTFT = 33.4 ms
  Turn 23: TTFT = 34.6 ms
  Turn 24: TTFT = 37.3 ms
  Turn 25: TTFT = 37.8 ms
  Turn 26: TTFT = 39.6 ms
  Turn 27: TTFT = 39.2 ms
  Turn 28: TTFT = 40.1 ms
  Turn 29: TTFT = 40.8 ms
  세션 평균 TTFT: 29.6 ms

====== pylint-dev__pylint-5859_run1 (36턴) ======
  Turn 1: TTFT = 31.2 ms
  Turn 2: TTFT = 62.8 ms
  Turn 3: TTFT = 14.0 ms
  Turn 4: TTFT = 13.0 ms
  Turn 5: TTFT = 13.7 ms
  Turn 6: TTFT = 15.5 ms
  Turn 7: TTFT = 16.4 ms
  Turn 8: TTFT = 18.0 ms
  Turn 9: TTFT = 19.2 ms
  Turn 10: TTFT = 19.0 ms
  Turn 11: TTFT = 21.7 ms
  Turn 12: TTFT = 21.7 ms
  Turn 13: TTFT = 22.2 ms
  Turn 14: TTFT = 22.6 ms
  Turn 15: TTFT = 23.6 ms
  Turn 16: TTFT = 23.7 ms
  Turn 17: TTFT = 24.8 ms
  Turn 18: TTFT = 24.8 ms
  Turn 19: TTFT = 25.3 ms
  Turn 20: TTFT = 25.9 ms
  Turn 21: TTFT = 26.8 ms
  Turn 22: TTFT = 27.8 ms
  Turn 23: TTFT = 28.3 ms
  Turn 24: TTFT = 29.6 ms
  Turn 25: TTFT = 29.3 ms
  Turn 26: TTFT = 30.8 ms
  Turn 27: TTFT = 31.3 ms
  Turn 28: TTFT = 33.0 ms
  Turn 29: TTFT = 32.0 ms
  Turn 30: TTFT = 32.6 ms
  Turn 31: TTFT = 34.1 ms
  Turn 32: TTFT = 33.1 ms
  Turn 33: TTFT = 34.2 ms
  Turn 34: TTFT = 33.8 ms
  Turn 35: TTFT = 34.8 ms
  Turn 36: TTFT = 35.4 ms
  세션 평균 TTFT: 26.8 ms

====== pylint-dev__pylint-7993_run0 (32턴) ======
  Turn 1: TTFT = 33.9 ms
  Turn 2: TTFT = 62.3 ms
  Turn 3: TTFT = 70.5 ms
  Turn 4: TTFT = 19.1 ms
  Turn 5: TTFT = 18.0 ms
  Turn 6: TTFT = 23.2 ms
  Turn 7: TTFT = 24.5 ms
  Turn 8: TTFT = 25.0 ms
  Turn 9: TTFT = 24.4 ms
  Turn 10: TTFT = 25.5 ms
  Turn 11: TTFT = 27.9 ms
  Turn 12: TTFT = 26.9 ms
  Turn 13: TTFT = 27.3 ms
  Turn 14: TTFT = 28.6 ms
  Turn 15: TTFT = 28.4 ms
  Turn 16: TTFT = 29.9 ms
  Turn 17: TTFT = 30.9 ms
  Turn 18: TTFT = 30.7 ms
  Turn 19: TTFT = 32.4 ms
  Turn 20: TTFT = 33.4 ms
  Turn 21: TTFT = 34.1 ms
  Turn 22: TTFT = 34.6 ms
  Turn 23: TTFT = 35.9 ms
  Turn 24: TTFT = 36.7 ms
  Turn 25: TTFT = 36.8 ms
  Turn 26: TTFT = 38.2 ms
  Turn 27: TTFT = 38.5 ms
  Turn 28: TTFT = 42.9 ms
  Turn 29: TTFT = 41.6 ms
  Turn 30: TTFT = 42.6 ms
  Turn 31: TTFT = 43.5 ms
  Turn 32: TTFT = 43.6 ms
  세션 평균 TTFT: 34.1 ms

====== pylint-dev__pylint-7993_run1 (29턴) ======
  Turn 1: TTFT = 34.1 ms
  Turn 2: TTFT = 62.7 ms
  Turn 3: TTFT = 70.9 ms
  Turn 4: TTFT = 18.0 ms
  Turn 5: TTFT = 17.1 ms
  Turn 6: TTFT = 18.1 ms
  Turn 7: TTFT = 18.7 ms
  Turn 8: TTFT = 19.0 ms
  Turn 9: TTFT = 20.3 ms
  Turn 10: TTFT = 21.5 ms
  Turn 11: TTFT = 21.9 ms
  Turn 12: TTFT = 22.8 ms
  Turn 13: TTFT = 22.7 ms
  Turn 14: TTFT = 24.1 ms
  Turn 15: TTFT = 25.0 ms
  Turn 16: TTFT = 26.7 ms
  Turn 17: TTFT = 26.2 ms
  Turn 18: TTFT = 26.7 ms
  Turn 19: TTFT = 29.3 ms
  Turn 20: TTFT = 28.9 ms
  Turn 21: TTFT = 28.8 ms
  Turn 22: TTFT = 29.9 ms
  Turn 23: TTFT = 29.5 ms
  Turn 24: TTFT = 29.6 ms
  Turn 25: TTFT = 32.3 ms
  Turn 26: TTFT = 32.8 ms
  Turn 27: TTFT = 33.2 ms
  Turn 28: TTFT = 34.1 ms
  Turn 29: TTFT = 33.8 ms
  세션 평균 TTFT: 28.9 ms

====== pytest-dev__pytest-5103_run0 (28턴) ======
  Turn 1: TTFT = 32.6 ms
  Turn 2: TTFT = 58.1 ms
  Turn 3: TTFT = 14.4 ms
  Turn 4: TTFT = 13.7 ms
  Turn 5: TTFT = 18.9 ms
  Turn 6: TTFT = 19.9 ms
  Turn 7: TTFT = 23.3 ms
  Turn 8: TTFT = 23.6 ms
  Turn 9: TTFT = 24.9 ms
  Turn 10: TTFT = 25.4 ms
  Turn 11: TTFT = 27.4 ms
  Turn 12: TTFT = 26.0 ms
  Turn 13: TTFT = 27.6 ms
  Turn 14: TTFT = 29.6 ms
  Turn 15: TTFT = 29.5 ms
  Turn 16: TTFT = 29.8 ms
  Turn 17: TTFT = 30.7 ms
  Turn 18: TTFT = 32.0 ms
  Turn 19: TTFT = 32.2 ms
  Turn 20: TTFT = 31.6 ms
  Turn 21: TTFT = 34.9 ms
  Turn 22: TTFT = 36.1 ms
  Turn 23: TTFT = 38.9 ms
  Turn 24: TTFT = 39.1 ms
  Turn 25: TTFT = 39.3 ms
  Turn 26: TTFT = 38.4 ms
  Turn 27: TTFT = 40.4 ms
  Turn 28: TTFT = 43.7 ms
  세션 평균 TTFT: 30.8 ms

====== pytest-dev__pytest-5103_run1 (41턴) ======
  Turn 1: TTFT = 33.1 ms
  Turn 2: TTFT = 57.8 ms
  Turn 3: TTFT = 13.7 ms
  Turn 4: TTFT = 13.8 ms
  Turn 5: TTFT = 19.5 ms
  Turn 6: TTFT = 22.4 ms
  Turn 7: TTFT = 22.8 ms
  Turn 8: TTFT = 23.5 ms
  Turn 9: TTFT = 25.2 ms
  Turn 10: TTFT = 25.9 ms
  Turn 11: TTFT = 26.3 ms
  Turn 12: TTFT = 26.4 ms
  Turn 13: TTFT = 26.5 ms
  Turn 14: TTFT = 27.6 ms
  Turn 15: TTFT = 28.2 ms
  Turn 16: TTFT = 27.4 ms
  Turn 17: TTFT = 28.5 ms
  Turn 18: TTFT = 29.3 ms
  Turn 19: TTFT = 28.9 ms
  Turn 20: TTFT = 30.2 ms
  Turn 21: TTFT = 30.4 ms
  Turn 22: TTFT = 32.0 ms
  Turn 23: TTFT = 32.2 ms
  Turn 24: TTFT = 33.0 ms
  Turn 25: TTFT = 35.0 ms
  Turn 26: TTFT = 35.0 ms
  Turn 27: TTFT = 36.7 ms
  Turn 28: TTFT = 38.1 ms
  Turn 29: TTFT = 38.2 ms
  Turn 30: TTFT = 38.1 ms
  Turn 31: TTFT = 40.5 ms
  Turn 32: TTFT = 40.5 ms
  Turn 33: TTFT = 40.3 ms
  Turn 34: TTFT = 42.8 ms
  Turn 35: TTFT = 42.9 ms
  Turn 36: TTFT = 46.1 ms
  Turn 37: TTFT = 45.5 ms
  Turn 38: TTFT = 46.1 ms
  Turn 39: TTFT = 46.9 ms
  Turn 40: TTFT = 47.2 ms
  Turn 41: TTFT = 47.2 ms
  세션 평균 TTFT: 33.5 ms

====== pytest-dev__pytest-5495_run0 (27턴) ======
  Turn 1: TTFT = 31.3 ms
  Turn 2: TTFT = 59.6 ms
  Turn 3: TTFT = 16.1 ms
  Turn 4: TTFT = 15.4 ms
  Turn 5: TTFT = 21.3 ms
  Turn 6: TTFT = 27.0 ms
  Turn 7: TTFT = 29.1 ms
  Turn 8: TTFT = 28.9 ms
  Turn 9: TTFT = 30.0 ms
  Turn 10: TTFT = 30.1 ms
  Turn 11: TTFT = 31.8 ms
  Turn 12: TTFT = 32.1 ms
  Turn 13: TTFT = 32.3 ms
  Turn 14: TTFT = 32.7 ms
  Turn 15: TTFT = 35.0 ms
  Turn 16: TTFT = 33.7 ms
  Turn 17: TTFT = 36.3 ms
  Turn 18: TTFT = 36.4 ms
  Turn 19: TTFT = 36.9 ms
  Turn 20: TTFT = 37.9 ms
  Turn 21: TTFT = 38.2 ms
  Turn 22: TTFT = 40.7 ms
  Turn 23: TTFT = 41.3 ms
  Turn 24: TTFT = 41.1 ms
  Turn 25: TTFT = 42.9 ms
  Turn 26: TTFT = 42.7 ms
  Turn 27: TTFT = 43.2 ms
  세션 평균 TTFT: 34.2 ms

====== pytest-dev__pytest-5495_run1 (40턴) ======
  Turn 1: TTFT = 31.0 ms
  Turn 2: TTFT = 59.9 ms
  Turn 3: TTFT = 15.9 ms
  Turn 4: TTFT = 14.3 ms
  Turn 5: TTFT = 14.9 ms
  Turn 6: TTFT = 15.6 ms
  Turn 7: TTFT = 16.3 ms
  Turn 8: TTFT = 16.6 ms
  Turn 9: TTFT = 22.9 ms
  Turn 10: TTFT = 23.2 ms
  Turn 11: TTFT = 24.9 ms
  Turn 12: TTFT = 25.2 ms
  Turn 13: TTFT = 27.2 ms
  Turn 14: TTFT = 26.3 ms
  Turn 15: TTFT = 29.6 ms
  Turn 16: TTFT = 30.5 ms
  Turn 17: TTFT = 32.3 ms
  Turn 18: TTFT = 32.5 ms
  Turn 19: TTFT = 32.9 ms
  Turn 20: TTFT = 34.2 ms
  Turn 21: TTFT = 33.9 ms
  Turn 22: TTFT = 34.5 ms
  Turn 23: TTFT = 35.6 ms
  Turn 24: TTFT = 35.8 ms
  Turn 25: TTFT = 36.9 ms
  Turn 26: TTFT = 37.0 ms
  Turn 27: TTFT = 39.5 ms
  Turn 28: TTFT = 41.9 ms
  Turn 29: TTFT = 41.6 ms
  Turn 30: TTFT = 41.8 ms
  Turn 31: TTFT = 42.7 ms
  Turn 32: TTFT = 41.9 ms
  Turn 33: TTFT = 43.6 ms
  Turn 34: TTFT = 43.6 ms
  Turn 35: TTFT = 50.6 ms
  Turn 36: TTFT = 52.1 ms
  Turn 37: TTFT = 52.2 ms
  Turn 38: TTFT = 57.5 ms
  Turn 39: TTFT = 58.6 ms
  Turn 40: TTFT = 59.7 ms
  세션 평균 TTFT: 35.2 ms

====== scikit-learn__scikit-learn-13241_run0 (36턴) ======
  Turn 1: TTFT = 32.1 ms
  Turn 2: TTFT = 14.5 ms
  Turn 3: TTFT = 14.9 ms
  Turn 4: TTFT = 18.2 ms
  Turn 5: TTFT = 22.8 ms
  Turn 6: TTFT = 24.6 ms
  Turn 7: TTFT = 25.6 ms
  Turn 8: TTFT = 26.0 ms
  Turn 9: TTFT = 25.7 ms
  Turn 10: TTFT = 27.6 ms
  Turn 11: TTFT = 27.7 ms
  Turn 12: TTFT = 29.0 ms
  Turn 13: TTFT = 29.4 ms
  Turn 14: TTFT = 30.3 ms
  Turn 15: TTFT = 30.3 ms
  Turn 16: TTFT = 31.2 ms
  Turn 17: TTFT = 32.0 ms
  Turn 18: TTFT = 31.7 ms
  Turn 19: TTFT = 31.6 ms
  Turn 20: TTFT = 33.3 ms
  Turn 21: TTFT = 34.8 ms
  Turn 22: TTFT = 37.0 ms
  Turn 23: TTFT = 38.4 ms
  Turn 24: TTFT = 38.0 ms
  Turn 25: TTFT = 40.5 ms
  Turn 26: TTFT = 41.6 ms
  Turn 27: TTFT = 42.4 ms
  Turn 28: TTFT = 43.6 ms
  Turn 29: TTFT = 43.4 ms
  Turn 30: TTFT = 43.8 ms
  Turn 31: TTFT = 43.4 ms
  Turn 32: TTFT = 45.3 ms
  Turn 33: TTFT = 45.8 ms
  Turn 34: TTFT = 48.6 ms
  Turn 35: TTFT = 49.4 ms
  Turn 36: TTFT = 49.3 ms
  세션 평균 TTFT: 34.0 ms

====== scikit-learn__scikit-learn-13241_run1 (20턴) ======
  Turn 1: TTFT = 32.0 ms
  Turn 2: TTFT = 16.0 ms
  Turn 3: TTFT = 15.8 ms
  Turn 4: TTFT = 19.6 ms
  Turn 5: TTFT = 27.1 ms
  Turn 6: TTFT = 27.1 ms
  Turn 7: TTFT = 27.7 ms
  Turn 8: TTFT = 27.0 ms
  Turn 9: TTFT = 25.8 ms
  Turn 10: TTFT = 27.1 ms
  Turn 11: TTFT = 26.9 ms
  Turn 12: TTFT = 28.2 ms
  Turn 13: TTFT = 29.8 ms
  Turn 14: TTFT = 30.6 ms
  Turn 15: TTFT = 31.0 ms
  Turn 16: TTFT = 32.1 ms
  Turn 17: TTFT = 32.5 ms
  Turn 18: TTFT = 33.4 ms
  Turn 19: TTFT = 33.2 ms
  Turn 20: TTFT = 34.2 ms
  세션 평균 TTFT: 27.9 ms

====== scikit-learn__scikit-learn-14983_run0 (32턴) ======
  Turn 1: TTFT = 32.2 ms
  Turn 2: TTFT = 14.9 ms
  Turn 3: TTFT = 14.6 ms
  Turn 4: TTFT = 22.4 ms
  Turn 5: TTFT = 20.9 ms
  Turn 6: TTFT = 24.2 ms
  Turn 7: TTFT = 24.8 ms
  Turn 8: TTFT = 26.0 ms
  Turn 9: TTFT = 27.1 ms
  Turn 10: TTFT = 27.6 ms
  Turn 11: TTFT = 28.4 ms
  Turn 12: TTFT = 28.9 ms
  Turn 13: TTFT = 29.3 ms
  Turn 14: TTFT = 30.5 ms
  Turn 15: TTFT = 31.1 ms
  Turn 16: TTFT = 32.1 ms
  Turn 17: TTFT = 31.8 ms
  Turn 18: TTFT = 33.2 ms
  Turn 19: TTFT = 33.1 ms
  Turn 20: TTFT = 35.9 ms
  Turn 21: TTFT = 37.1 ms
  Turn 22: TTFT = 38.1 ms
  Turn 23: TTFT = 37.6 ms
  Turn 24: TTFT = 38.4 ms
  Turn 25: TTFT = 43.0 ms
  Turn 26: TTFT = 42.1 ms
  Turn 27: TTFT = 42.9 ms
  Turn 28: TTFT = 43.7 ms
  Turn 29: TTFT = 43.4 ms
  Turn 30: TTFT = 45.8 ms
  Turn 31: TTFT = 44.2 ms
  Turn 32: TTFT = 45.7 ms
  세션 평균 TTFT: 32.8 ms

====== scikit-learn__scikit-learn-14983_run1 (31턴) ======
  Turn 1: TTFT = 32.8 ms
  Turn 2: TTFT = 14.6 ms
  Turn 3: TTFT = 14.8 ms
  Turn 4: TTFT = 20.7 ms
  Turn 5: TTFT = 20.5 ms
  Turn 6: TTFT = 23.4 ms
  Turn 7: TTFT = 23.6 ms
  Turn 8: TTFT = 25.2 ms
  Turn 9: TTFT = 26.4 ms
  Turn 10: TTFT = 27.4 ms
  Turn 11: TTFT = 26.2 ms
  Turn 12: TTFT = 30.3 ms
  Turn 13: TTFT = 28.3 ms
  Turn 14: TTFT = 29.8 ms
  Turn 15: TTFT = 30.1 ms
  Turn 16: TTFT = 30.9 ms
  Turn 17: TTFT = 30.9 ms
  Turn 18: TTFT = 34.8 ms
  Turn 19: TTFT = 34.7 ms
  Turn 20: TTFT = 36.6 ms
  Turn 21: TTFT = 35.8 ms
  Turn 22: TTFT = 37.4 ms
  Turn 23: TTFT = 37.9 ms
  Turn 24: TTFT = 38.5 ms
  Turn 25: TTFT = 38.6 ms
  Turn 26: TTFT = 38.8 ms
  Turn 27: TTFT = 39.3 ms
  Turn 28: TTFT = 41.2 ms
  Turn 29: TTFT = 42.3 ms
  Turn 30: TTFT = 42.1 ms
  Turn 31: TTFT = 43.8 ms
  세션 평균 TTFT: 31.5 ms

====== sphinx-doc__sphinx-10325_run0 (30턴) ======
  Turn 1: TTFT = 31.3 ms
  Turn 2: TTFT = 32.8 ms
  Turn 3: TTFT = 34.5 ms
  Turn 4: TTFT = 39.8 ms
  Turn 5: TTFT = 50.6 ms
  Turn 6: TTFT = 58.2 ms
  Turn 7: TTFT = 59.3 ms
  Turn 8: TTFT = 65.8 ms
  Turn 9: TTFT = 72.2 ms
  Turn 10: TTFT = 16.8 ms
  Turn 11: TTFT = 16.3 ms
  Turn 12: TTFT = 16.1 ms
  Turn 13: TTFT = 16.2 ms
  Turn 14: TTFT = 16.8 ms
  Turn 15: TTFT = 16.8 ms
  Turn 16: TTFT = 18.1 ms
  Turn 17: TTFT = 19.2 ms
  Turn 18: TTFT = 19.7 ms
  Turn 19: TTFT = 20.8 ms
  Turn 20: TTFT = 20.5 ms
  Turn 21: TTFT = 22.6 ms
  Turn 22: TTFT = 23.0 ms
  Turn 23: TTFT = 26.1 ms
  Turn 24: TTFT = 24.8 ms
  Turn 25: TTFT = 25.6 ms
  Turn 26: TTFT = 26.5 ms
  Turn 27: TTFT = 27.1 ms
  Turn 28: TTFT = 28.8 ms
  Turn 29: TTFT = 28.9 ms
  Turn 30: TTFT = 29.1 ms
  세션 평균 TTFT: 30.1 ms

====== sphinx-doc__sphinx-10325_run1 (38턴) ======
  Turn 1: TTFT = 31.3 ms
  Turn 2: TTFT = 13.7 ms
  Turn 3: TTFT = 14.6 ms
  Turn 4: TTFT = 14.9 ms
  Turn 5: TTFT = 16.6 ms
  Turn 6: TTFT = 17.4 ms
  Turn 7: TTFT = 16.7 ms
  Turn 8: TTFT = 17.8 ms
  Turn 9: TTFT = 18.9 ms
  Turn 10: TTFT = 20.2 ms
  Turn 11: TTFT = 22.0 ms
  Turn 12: TTFT = 22.1 ms
  Turn 13: TTFT = 24.6 ms
  Turn 14: TTFT = 23.1 ms
  Turn 15: TTFT = 23.2 ms
  Turn 16: TTFT = 22.6 ms
  Turn 17: TTFT = 23.9 ms
  Turn 18: TTFT = 24.0 ms
  Turn 19: TTFT = 24.7 ms
  Turn 20: TTFT = 25.7 ms
  Turn 21: TTFT = 26.8 ms
  Turn 22: TTFT = 26.9 ms
  Turn 23: TTFT = 27.6 ms
  Turn 24: TTFT = 28.9 ms
  Turn 25: TTFT = 29.7 ms
  Turn 26: TTFT = 28.8 ms
  Turn 27: TTFT = 29.7 ms
  Turn 28: TTFT = 30.3 ms
  Turn 29: TTFT = 31.8 ms
  Turn 30: TTFT = 31.8 ms
  Turn 31: TTFT = 32.3 ms
  Turn 32: TTFT = 33.5 ms
  Turn 33: TTFT = 34.7 ms
  Turn 34: TTFT = 35.7 ms
  Turn 35: TTFT = 35.2 ms
  Turn 36: TTFT = 36.5 ms
  Turn 37: TTFT = 37.4 ms
  Turn 38: TTFT = 36.9 ms
  세션 평균 TTFT: 26.1 ms

====== sphinx-doc__sphinx-8435_run0 (68턴) ======
  Turn 1: TTFT = 32.9 ms
  Turn 2: TTFT = 33.7 ms
  Turn 3: TTFT = 14.1 ms
  Turn 4: TTFT = 15.6 ms
  Turn 5: TTFT = 14.8 ms
  Turn 6: TTFT = 16.1 ms
  Turn 7: TTFT = 16.9 ms
  Turn 8: TTFT = 17.4 ms
  Turn 9: TTFT = 19.2 ms
  Turn 10: TTFT = 19.0 ms
  Turn 11: TTFT = 19.7 ms
  Turn 12: TTFT = 21.8 ms
  Turn 13: TTFT = 23.4 ms
  Turn 14: TTFT = 23.4 ms
  Turn 15: TTFT = 23.8 ms
  Turn 16: TTFT = 22.7 ms
  Turn 17: TTFT = 24.6 ms
  Turn 18: TTFT = 24.2 ms
  Turn 19: TTFT = 25.2 ms
  Turn 20: TTFT = 26.1 ms
  Turn 21: TTFT = 26.5 ms
  Turn 22: TTFT = 26.1 ms
  Turn 23: TTFT = 25.7 ms
  Turn 24: TTFT = 26.4 ms
  Turn 25: TTFT = 26.4 ms
  Turn 26: TTFT = 27.4 ms
  Turn 27: TTFT = 29.0 ms
  Turn 28: TTFT = 27.3 ms
  Turn 29: TTFT = 27.5 ms
  Turn 30: TTFT = 28.3 ms
  Turn 31: TTFT = 28.7 ms
  Turn 32: TTFT = 28.9 ms
  Turn 33: TTFT = 30.4 ms
  Turn 34: TTFT = 31.7 ms
  Turn 35: TTFT = 31.3 ms
  Turn 36: TTFT = 32.2 ms
  Turn 37: TTFT = 33.4 ms
  Turn 38: TTFT = 35.7 ms
  Turn 39: TTFT = 36.2 ms
  Turn 40: TTFT = 33.9 ms
  Turn 41: TTFT = 35.2 ms
  Turn 42: TTFT = 35.7 ms
  Turn 43: TTFT = 35.8 ms
  Turn 44: TTFT = 36.0 ms
  Turn 45: TTFT = 37.3 ms
  Turn 46: TTFT = 37.3 ms
  Turn 47: TTFT = 40.3 ms
  Turn 48: TTFT = 40.4 ms
  Turn 49: TTFT = 42.0 ms
  Turn 50: TTFT = 41.2 ms
  Turn 51: TTFT = 43.6 ms
  Turn 52: TTFT = 45.3 ms
  Turn 53: TTFT = 45.7 ms
  Turn 54: TTFT = 46.1 ms
  Turn 55: TTFT = 48.2 ms
  Turn 56: TTFT = 47.4 ms
  Turn 57: TTFT = 47.7 ms
  Turn 58: TTFT = 48.6 ms
  Turn 59: TTFT = 49.2 ms
  Turn 60: TTFT = 51.0 ms
  Turn 61: TTFT = 52.2 ms
  Turn 62: TTFT = 52.0 ms
  Turn 63: TTFT = 53.6 ms
  Turn 64: TTFT = 52.5 ms
  Turn 65: TTFT = 53.6 ms
  Turn 66: TTFT = 53.6 ms
  Turn 67: TTFT = 52.8 ms
  Turn 68: TTFT = 52.9 ms
  세션 평균 TTFT: 33.9 ms

====== sphinx-doc__sphinx-8435_run1 (69턴) ======
  Turn 1: TTFT = 32.0 ms
  Turn 2: TTFT = 14.8 ms
  Turn 3: TTFT = 14.9 ms
  Turn 4: TTFT = 14.1 ms
  Turn 5: TTFT = 16.0 ms
  Turn 6: TTFT = 16.6 ms
  Turn 7: TTFT = 16.4 ms
  Turn 8: TTFT = 17.8 ms
  Turn 9: TTFT = 18.1 ms
  Turn 10: TTFT = 18.9 ms
  Turn 11: TTFT = 18.4 ms
  Turn 12: TTFT = 19.4 ms
  Turn 13: TTFT = 20.0 ms
  Turn 14: TTFT = 19.7 ms
  Turn 15: TTFT = 20.2 ms
  Turn 16: TTFT = 21.7 ms
  Turn 17: TTFT = 22.2 ms
  Turn 18: TTFT = 22.7 ms
  Turn 19: TTFT = 24.2 ms
  Turn 20: TTFT = 24.0 ms
  Turn 21: TTFT = 23.0 ms
  Turn 22: TTFT = 25.0 ms
  Turn 23: TTFT = 25.2 ms
  Turn 24: TTFT = 26.0 ms
  Turn 25: TTFT = 26.5 ms
  Turn 26: TTFT = 26.9 ms
  Turn 27: TTFT = 27.6 ms
  Turn 28: TTFT = 28.7 ms
  Turn 29: TTFT = 28.2 ms
  Turn 30: TTFT = 30.9 ms
  Turn 31: TTFT = 28.7 ms
  Turn 32: TTFT = 29.7 ms
  Turn 33: TTFT = 29.1 ms
  Turn 34: TTFT = 29.6 ms
  Turn 35: TTFT = 30.3 ms
  Turn 36: TTFT = 30.5 ms
  Turn 37: TTFT = 31.9 ms
  Turn 38: TTFT = 32.3 ms
  Turn 39: TTFT = 34.2 ms
  Turn 40: TTFT = 34.0 ms
  Turn 41: TTFT = 34.8 ms
  Turn 42: TTFT = 36.3 ms
  Turn 43: TTFT = 36.8 ms
  Turn 44: TTFT = 37.0 ms
  Turn 45: TTFT = 38.8 ms
  Turn 46: TTFT = 43.1 ms
  Turn 47: TTFT = 41.5 ms
  Turn 48: TTFT = 46.5 ms
  Turn 49: TTFT = 46.7 ms
  Turn 50: TTFT = 50.8 ms
  Turn 51: TTFT = 51.1 ms
  Turn 52: TTFT = 54.8 ms
  Turn 53: TTFT = 55.1 ms
  Turn 54: TTFT = 58.8 ms
  Turn 55: TTFT = 58.4 ms
  Turn 56: TTFT = 59.1 ms
  Turn 57: TTFT = 62.3 ms
  Turn 58: TTFT = 63.1 ms
  Turn 59: TTFT = 66.8 ms
  Turn 60: TTFT = 67.3 ms
  Turn 61: TTFT = 70.4 ms
  Turn 62: TTFT = 72.2 ms
  Turn 63: TTFT = 72.9 ms
  Turn 64: TTFT = 83.7 ms
  Turn 65: TTFT = 83.4 ms
  Turn 66: TTFT = 94.5 ms
  Turn 67: TTFT = 88.0 ms
  Turn 68: TTFT = 92.9 ms
  Turn 69: TTFT = 92.5 ms
  세션 평균 TTFT: 39.6 ms

====== sympy__sympy-13471_run0 (28턴) ======
  Turn 1: TTFT = 32.8 ms
  Turn 2: TTFT = 63.5 ms
  Turn 3: TTFT = 64.5 ms
  Turn 4: TTFT = 14.2 ms
  Turn 5: TTFT = 13.9 ms
  Turn 6: TTFT = 14.3 ms
  Turn 7: TTFT = 14.7 ms
  Turn 8: TTFT = 14.3 ms
  Turn 9: TTFT = 15.1 ms
  Turn 10: TTFT = 15.4 ms
  Turn 11: TTFT = 16.3 ms
  Turn 12: TTFT = 16.1 ms
  Turn 13: TTFT = 17.0 ms
  Turn 14: TTFT = 16.9 ms
  Turn 15: TTFT = 17.7 ms
  Turn 16: TTFT = 18.2 ms
  Turn 17: TTFT = 20.0 ms
  Turn 18: TTFT = 19.9 ms
  Turn 19: TTFT = 21.0 ms
  Turn 20: TTFT = 21.4 ms
  Turn 21: TTFT = 23.0 ms
  Turn 22: TTFT = 23.7 ms
  Turn 23: TTFT = 24.3 ms
  Turn 24: TTFT = 24.6 ms
  Turn 25: TTFT = 25.8 ms
  Turn 26: TTFT = 25.5 ms
  Turn 27: TTFT = 27.1 ms
  Turn 28: TTFT = 28.3 ms
  세션 평균 TTFT: 23.2 ms

====== sympy__sympy-13471_run1 (41턴) ======
  Turn 1: TTFT = 30.4 ms
  Turn 2: TTFT = 62.0 ms
  Turn 3: TTFT = 14.5 ms
  Turn 4: TTFT = 13.5 ms
  Turn 5: TTFT = 15.7 ms
  Turn 6: TTFT = 15.5 ms
  Turn 7: TTFT = 15.9 ms
  Turn 8: TTFT = 16.4 ms
  Turn 9: TTFT = 16.5 ms
  Turn 10: TTFT = 17.4 ms
  Turn 11: TTFT = 18.4 ms
  Turn 12: TTFT = 18.7 ms
  Turn 13: TTFT = 29.1 ms
  Turn 14: TTFT = 26.8 ms
  Turn 15: TTFT = 28.6 ms
  Turn 16: TTFT = 27.9 ms
  Turn 17: TTFT = 30.8 ms
  Turn 18: TTFT = 29.3 ms
  Turn 19: TTFT = 31.7 ms
  Turn 20: TTFT = 33.2 ms
  Turn 21: TTFT = 36.4 ms
  Turn 22: TTFT = 34.0 ms
  Turn 23: TTFT = 32.6 ms
  Turn 24: TTFT = 32.9 ms
  Turn 25: TTFT = 33.6 ms
  Turn 26: TTFT = 33.7 ms
  Turn 27: TTFT = 35.5 ms
  Turn 28: TTFT = 34.5 ms
  Turn 29: TTFT = 37.2 ms
  Turn 30: TTFT = 37.5 ms
  Turn 31: TTFT = 38.4 ms
  Turn 32: TTFT = 39.0 ms
  Turn 33: TTFT = 39.8 ms
  Turn 34: TTFT = 40.6 ms
  Turn 35: TTFT = 41.6 ms
  Turn 36: TTFT = 43.9 ms
  Turn 37: TTFT = 46.1 ms
  Turn 38: TTFT = 45.3 ms
  Turn 39: TTFT = 46.1 ms
  Turn 40: TTFT = 46.3 ms
  Turn 41: TTFT = 49.3 ms
  세션 평균 TTFT: 32.1 ms

====== sympy__sympy-14817_run0 (24턴) ======
  Turn 1: TTFT = 32.6 ms
  Turn 2: TTFT = 40.0 ms
  Turn 3: TTFT = 44.0 ms
  Turn 4: TTFT = 47.2 ms
  Turn 5: TTFT = 51.0 ms
  Turn 6: TTFT = 56.9 ms
  Turn 7: TTFT = 63.0 ms
  Turn 8: TTFT = 70.5 ms
  Turn 9: TTFT = 15.3 ms
  Turn 10: TTFT = 16.1 ms
  Turn 11: TTFT = 15.8 ms
  Turn 12: TTFT = 15.9 ms
  Turn 13: TTFT = 17.9 ms
  Turn 14: TTFT = 18.2 ms
  Turn 15: TTFT = 18.2 ms
  Turn 16: TTFT = 19.7 ms
  Turn 17: TTFT = 21.1 ms
  Turn 18: TTFT = 20.6 ms
  Turn 19: TTFT = 24.0 ms
  Turn 20: TTFT = 23.6 ms
  Turn 21: TTFT = 24.3 ms
  Turn 22: TTFT = 24.7 ms
  Turn 23: TTFT = 25.7 ms
  Turn 24: TTFT = 26.4 ms
  세션 평균 TTFT: 30.5 ms

====== sympy__sympy-14817_run1 (28턴) ======
  Turn 1: TTFT = 32.5 ms
  Turn 2: TTFT = 65.3 ms
  Turn 3: TTFT = 15.2 ms
  Turn 4: TTFT = 13.7 ms
  Turn 5: TTFT = 15.9 ms
  Turn 6: TTFT = 15.8 ms
  Turn 7: TTFT = 16.2 ms
  Turn 8: TTFT = 16.1 ms
  Turn 9: TTFT = 17.1 ms
  Turn 10: TTFT = 16.8 ms
  Turn 11: TTFT = 17.8 ms
  Turn 12: TTFT = 17.9 ms
  Turn 13: TTFT = 18.4 ms
  Turn 14: TTFT = 18.3 ms
  Turn 15: TTFT = 19.0 ms
  Turn 16: TTFT = 19.1 ms
  Turn 17: TTFT = 19.5 ms
  Turn 18: TTFT = 19.6 ms
  Turn 19: TTFT = 20.7 ms
  Turn 20: TTFT = 22.0 ms
  Turn 21: TTFT = 23.0 ms
  Turn 22: TTFT = 22.6 ms
  Turn 23: TTFT = 24.5 ms
  Turn 24: TTFT = 25.2 ms
  Turn 25: TTFT = 27.6 ms
  Turn 26: TTFT = 27.5 ms
  Turn 27: TTFT = 28.7 ms
  Turn 28: TTFT = 28.9 ms
  세션 평균 TTFT: 22.3 ms

====== sympy__sympy-23117_run0 (33턴) ======
  Turn 1: TTFT = 31.7 ms
  Turn 2: TTFT = 13.1 ms
  Turn 3: TTFT = 13.2 ms
  Turn 4: TTFT = 16.7 ms
  Turn 5: TTFT = 21.0 ms
  Turn 6: TTFT = 25.9 ms
  Turn 7: TTFT = 27.3 ms
  Turn 8: TTFT = 28.0 ms
  Turn 9: TTFT = 30.4 ms
  Turn 10: TTFT = 30.3 ms
  Turn 11: TTFT = 31.3 ms
  Turn 12: TTFT = 30.6 ms
  Turn 13: TTFT = 30.9 ms
  Turn 14: TTFT = 32.1 ms
  Turn 15: TTFT = 32.8 ms
  Turn 16: TTFT = 32.6 ms
  Turn 17: TTFT = 33.0 ms
  Turn 18: TTFT = 33.0 ms
  Turn 19: TTFT = 33.6 ms
  Turn 20: TTFT = 36.2 ms
  Turn 21: TTFT = 35.3 ms
  Turn 22: TTFT = 36.8 ms
  Turn 23: TTFT = 36.0 ms
  Turn 24: TTFT = 37.0 ms
  Turn 25: TTFT = 37.7 ms
  Turn 26: TTFT = 39.1 ms
  Turn 27: TTFT = 39.7 ms
  Turn 28: TTFT = 40.6 ms
  Turn 29: TTFT = 42.2 ms
  Turn 30: TTFT = 42.7 ms
  Turn 31: TTFT = 42.5 ms
  Turn 32: TTFT = 43.0 ms
  Turn 33: TTFT = 45.2 ms
  세션 평균 TTFT: 32.8 ms

====== sympy__sympy-23117_run1 (29턴) ======
  Turn 1: TTFT = 32.7 ms
  Turn 2: TTFT = 13.1 ms
  Turn 3: TTFT = 13.5 ms
  Turn 4: TTFT = 17.5 ms
  Turn 5: TTFT = 20.1 ms
  Turn 6: TTFT = 27.1 ms
  Turn 7: TTFT = 28.2 ms
  Turn 8: TTFT = 27.8 ms
  Turn 9: TTFT = 28.5 ms
  Turn 10: TTFT = 28.3 ms
  Turn 11: TTFT = 30.1 ms
  Turn 12: TTFT = 30.8 ms
  Turn 13: TTFT = 31.1 ms
  Turn 14: TTFT = 31.1 ms
  Turn 15: TTFT = 31.4 ms
  Turn 16: TTFT = 32.3 ms
  Turn 17: TTFT = 32.5 ms
  Turn 18: TTFT = 33.8 ms
  Turn 19: TTFT = 34.0 ms
  Turn 20: TTFT = 34.8 ms
  Turn 21: TTFT = 35.3 ms
  Turn 22: TTFT = 35.6 ms
  Turn 23: TTFT = 37.6 ms
  Turn 24: TTFT = 38.5 ms
  Turn 25: TTFT = 37.5 ms
  Turn 26: TTFT = 40.9 ms
  Turn 27: TTFT = 41.9 ms
  Turn 28: TTFT = 42.7 ms
  Turn 29: TTFT = 42.3 ms
  세션 평균 TTFT: 31.4 ms

============================================================
전체 결과 요약
============================================================
총 턴 수: 1721
전체 평균 TTFT: 30.5 ms

[종료 후 prefix cache hits]
  hits: 0.0
  증가량: 0

결과 저장 완료: /home/hellkitty/local-proj/ast-kv/results/0.5b/vanilla_replay_results.json
